20:43:20.780 [main] TRACE - Resolving type for handle stxstringf179type
20:43:20.792 [main] TRACE - Resolving type for handle stsheetstate158btype
20:43:20.812 [main] TRACE - Resolving type for handle stcelltypebf95type
20:43:20.822 [main] TRACE - Resolving type for handle ctsheetprotection22f7type
20:43:20.878 [main] TRACE - Resolving type for handle stnumfmtid76fbtype
20:43:20.879 [main] TRACE - Resolving type for handle stfontid9d63type
20:43:20.881 [main] TRACE - Resolving type for handle stfillida097type
20:43:20.882 [main] TRACE - Resolving type for handle stborderid1a80type
20:43:20.884 [main] TRACE - Resolving type for handle stcellstylexfid70c7type
20:43:20.890 [main] TRACE - Resolving type for handle ctcellalignmentb580type
20:43:20.913 [main] TRACE - Resolving type for handle stverticalalignmentd35ctype
20:43:20.916 [main] TRACE - Resolving type for handle ctborderpre497type
20:43:20.921 [main] TRACE - Resolving type for handle stborderstylec774type
20:43:20.924 [main] TRACE - Resolving type for handle ctcolord2c2type
20:43:20.937 [main] TRACE - Resolving type for handle ctfontname2dc3type
20:43:20.941 [main] TRACE - Resolving type for handle ctfontsizeb3b9type
20:43:20.943 [main] TRACE - Resolving type for handle ctbooleanproperty1f3ctype
20:43:20.958 [main] TRACE - Resolving type for handle stunsignedinthex27datype
20:43:20.969 [main] TRACE - Resolving type for handle sthorizontalalignmentf92etype
20:43:20.983 [main] TRACE - Resolving type for handle ctdrawing44fdtype
20:43:20.985 [main] TRACE - Resolving type for handle ctchartc108type
20:43:20.988 [main] TRACE - Resolving type for handle cttitleb54etype
20:43:20.998 [main] TRACE - Resolving type for handle cttx9678type
20:43:21.000 [main] TRACE - Resolving type for handle cttextbodya3catype
20:43:21.002 [main] TRACE - Resolving type for handle cttextparagraphcaf2type
20:43:21.008 [main] TRACE - Resolving type for handle ctregulartextrun7e3dtype
20:43:21.025 [main] TRACE - Resolving type for handle ctplotarea106etype
20:43:21.034 [main] TRACE - Resolving type for handle ctcatax7159type
20:43:21.038 [main] TRACE - Resolving type for handle ctunsignedinte8ectype
20:43:21.042 [main] TRACE - Resolving type for handle ctvalaxd06etype
20:43:21.049 [main] TRACE - Resolving type for handle ctbarchart4151type
20:43:21.056 [main] TRACE - Resolving type for handle ctbardir5f42type
20:43:21.063 [main] TRACE - Resolving type for handle ctbarser960ftype
20:43:21.069 [main] TRACE - Resolving type for handle ctaxdatasource1440type
20:43:21.073 [main] TRACE - Resolving type for handle ctnumdatasourcef0bbtype
20:43:21.077 [main] TRACE - Resolving type for handle ctstrref5d1atype
20:43:21.079 [main] TRACE - Resolving type for handle ctstrdatad58btype
20:43:21.084 [main] TRACE - Resolving type for handle ctnumref062ftype
20:43:21.087 [main] TRACE - Resolving type for handle ctnumdata4f16type
20:43:21.127 [main] TRACE - Resolving type for handle ctworkbookpr03a5type
20:43:21.136 [main] TRACE - Resolving type for handle ctbookviewsb864type
20:43:21.139 [main] TRACE - Resolving type for handle ctbookviewf677type
20:43:21.146 [main] TRACE - Resolving type for handle propertiesee84doctype
20:43:21.148 [main] TRACE - Resolving type for handle ctproperties3f10type
20:43:21.158 [main] TRACE - Resolving type for handle properties288cdoctype
20:43:21.160 [main] TRACE - Resolving type for handle ctproperties2c18type
20:43:21.165 [main] TRACE - Resolving type for handle ctfontfamily685ctype
20:43:21.167 [main] TRACE - Resolving type for handle stfontfamily9c6ctype
20:43:21.169 [main] TRACE - Resolving type for handle ctfontschemebf5dtype
20:43:21.171 [main] TRACE - Resolving type for handle stfontschemef36dtype
20:43:21.172 [main] TRACE - Resolving type for handle ctpatternfill7452type
20:43:21.174 [main] TRACE - Resolving type for handle stpatterntype7939type
20:43:21.177 [main] TRACE - Resolving type for handle ctsheetformatprdef7type
20:43:21.179 [main] TRACE - Resolving type for handle ctsheetviewsb918type
20:43:21.180 [main] TRACE - Resolving type for handle ctsheetview0f43type
20:43:21.184 [main] TRACE - Resolving type for handle ctsheetdimensiond310type
20:43:21.187 [main] TRACE - Resolving type for handle stref90a2type
20:43:21.188 [main] TRACE - Resolving type for handle ctpagemargins5455type
20:43:21.192 [main] TRACE - Resolving type for handle ctstrval86cctype
20:43:21.196 [main] TRACE - Resolving type for handle ctnumval2fe1type
20:43:21.199 [main] TRACE - Resolving type for handle ctpaneaab1type
20:43:21.202 [main] TRACE - Resolving type for handle stpane2ac1type
20:43:21.203 [main] TRACE - Resolving type for handle stpanestateae58type
20:43:21.206 [main] TRACE - Resolving type for handle ctselectionca2btype
20:43:21.212 [main] TRACE - Resolving type for handle cttwocellanchor1e8dtype
20:43:21.216 [main] TRACE - Resolving type for handle ctmarkeree8etype
20:43:21.220 [main] TRACE - Resolving type for handle strowidf4cftype
20:43:21.231 [main] TRACE - Resolving type for handle ctcalccellb960type
20:43:21.237 [main] TRACE - Resolving type for handle ctmergecells1242type
20:43:21.239 [main] TRACE - Resolving type for handle ctmergecelle8d9type
20:43:21.331 [main] TRACE - Resolving type for handle ctworkbookprotection56bctype
20:43:21.373 [main] TRACE - Resolving type for handle ctnumfmtsb58btype
20:43:21.419 [main] DEBUG - Save content types part
20:43:21.495 [main] DEBUG - Save package relationships
20:43:21.499 [main] DEBUG - Save part 'docProps/app.xml'
20:43:21.499 [main] DEBUG - Save part 'docProps/core.xml'
20:43:21.502 [main] DEBUG - Save part 'xl/charts/chart1.xml'
20:43:21.504 [main] DEBUG - Save part 'xl/charts/chart2.xml'
20:43:21.506 [main] DEBUG - Save part 'xl/charts/chart3.xml'
20:43:21.508 [main] DEBUG - Save part 'xl/charts/chart4.xml'
20:43:21.508 [main] DEBUG - Save part 'xl/charts/chart5.xml'
20:43:21.510 [main] DEBUG - Save part 'xl/charts/chart6.xml'
20:43:21.510 [main] DEBUG - Save part 'xl/charts/chart7.xml'
20:43:21.511 [main] DEBUG - Save part 'xl/charts/chart8.xml'
20:43:21.513 [main] DEBUG - Save part 'xl/charts/chart9.xml'
20:43:21.513 [main] DEBUG - Save part 'xl/charts/chart10.xml'
20:43:21.514 [main] DEBUG - Save part 'xl/drawings/drawing1.xml'
20:43:21.515 [main] DEBUG - Save part 'xl/drawings/drawing2.xml'
20:43:21.516 [main] DEBUG - Save part 'xl/drawings/drawing3.xml'
20:43:21.516 [main] DEBUG - Save part 'xl/drawings/drawing4.xml'
20:43:21.516 [main] DEBUG - Save part 'xl/drawings/drawing5.xml'
20:43:21.518 [main] DEBUG - Save part 'xl/drawings/drawing6.xml'
20:43:21.519 [main] DEBUG - Save part 'xl/drawings/drawing7.xml'
20:43:21.521 [main] DEBUG - Save part 'xl/drawings/drawing8.xml'
20:43:21.523 [main] DEBUG - Save part 'xl/drawings/drawing9.xml'
20:43:21.523 [main] DEBUG - Save part 'xl/externalLinks/externalLink1.xml'
20:43:21.525 [main] DEBUG - Save part 'xl/printerSettings/printerSettings1.bin'
20:43:21.525 [main] DEBUG - Save part 'xl/printerSettings/printerSettings2.bin'
20:43:21.526 [main] DEBUG - Save part 'xl/printerSettings/printerSettings3.bin'
20:43:21.527 [main] DEBUG - Save part 'xl/printerSettings/printerSettings4.bin'
20:43:21.527 [main] DEBUG - Save part 'xl/printerSettings/printerSettings7.bin'
20:43:21.527 [main] DEBUG - Save part 'xl/sharedStrings.xml'
20:43:21.528 [main] DEBUG - Save part 'xl/styles.xml'
20:43:21.528 [main] DEBUG - Save part 'xl/theme/theme1.xml'
20:43:21.529 [main] DEBUG - Save part 'xl/workbook.xml'
20:43:21.531 [main] DEBUG - Save part 'xl/worksheets/sheet1.xml'
20:43:21.533 [main] DEBUG - Save part 'xl/worksheets/sheet2.xml'
20:43:21.536 [main] DEBUG - Save part 'xl/worksheets/sheet3.xml'
20:43:21.537 [main] DEBUG - Save part 'xl/worksheets/sheet4.xml'
20:43:21.539 [main] DEBUG - Save part 'xl/worksheets/sheet8.xml'
20:45:01.504 [main] DEBUG - Parsing relationship: /xl/charts/_rels/chart1.xml.rels
20:45:01.511 [main] DEBUG - Parsing relationship: /xl/charts/_rels/chart2.xml.rels
20:45:01.512 [main] DEBUG - Parsing relationship: /xl/charts/_rels/chart3.xml.rels
20:45:01.514 [main] DEBUG - Parsing relationship: /xl/charts/_rels/chart5.xml.rels
20:45:01.516 [main] DEBUG - Parsing relationship: /xl/charts/_rels/chart8.xml.rels
20:45:01.517 [main] DEBUG - Parsing relationship: /xl/drawings/_rels/drawing1.xml.rels
20:45:01.522 [main] DEBUG - Parsing relationship: /xl/drawings/_rels/drawing5.xml.rels
20:45:01.523 [main] DEBUG - Parsing relationship: /xl/drawings/_rels/drawing7.xml.rels
20:45:01.525 [main] DEBUG - Parsing relationship: /xl/drawings/_rels/drawing8.xml.rels
20:45:01.526 [main] DEBUG - Parsing relationship: /xl/drawings/_rels/drawing10.xml.rels
20:45:01.529 [main] DEBUG - Parsing relationship: /xl/drawings/_rels/drawing11.xml.rels
20:45:01.530 [main] DEBUG - Parsing relationship: /xl/externalLinks/_rels/externalLink1.xml.rels
20:45:01.532 [main] DEBUG - Parsing relationship: /xl/_rels/workbook.xml.rels
20:45:01.535 [main] DEBUG - Parsing relationship: /xl/worksheets/_rels/sheet1.xml.rels
20:45:01.536 [main] DEBUG - Parsing relationship: /xl/worksheets/_rels/sheet2.xml.rels
20:45:01.537 [main] DEBUG - Parsing relationship: /xl/worksheets/_rels/sheet3.xml.rels
20:45:01.539 [main] DEBUG - Parsing relationship: /xl/worksheets/_rels/sheet4.xml.rels
20:45:01.540 [main] DEBUG - Parsing relationship: /xl/worksheets/_rels/sheet6.xml.rels
20:45:01.541 [main] DEBUG - Parsing relationship: /xl/worksheets/_rels/sheet7.xml.rels
20:45:01.543 [main] DEBUG - Parsing relationship: /xl/worksheets/_rels/sheet8.xml.rels
20:45:01.544 [main] DEBUG - Parsing relationship: /_rels/.rels
20:45:01.719 [main] TRACE - Loading type system org.apache.poi.schemas.ooxml.system.ooxml
20:45:01.722 [main] TRACE - Loading type system org.apache.xmlbeans.metadata.system.sXMLCONFIG
20:45:01.723 [main] TRACE - Loading type system org.apache.xmlbeans.metadata.system.sXMLLANG
20:45:01.724 [main] TRACE - Loading type system org.apache.xmlbeans.metadata.system.sXMLSCHEMA
20:45:01.724 [main] TRACE - Loading type system org.apache.xmlbeans.metadata.system.sXMLTOOLS
20:45:01.726 [main] TRACE - Reading unresolved handles for type system org.apache.xmlbeans.metadata.system.sXMLTOOLS
20:45:01.743 [main] TRACE - Finished loading type system org.apache.xmlbeans.metadata.system.sXMLTOOLS
20:45:01.744 [main] TRACE - Reading unresolved handles for type system org.apache.xmlbeans.metadata.system.sXMLSCHEMA
20:45:01.754 [main] TRACE - Finished loading type system org.apache.xmlbeans.metadata.system.sXMLSCHEMA
20:45:01.756 [main] TRACE - Reading unresolved handles for type system org.apache.xmlbeans.metadata.system.sXMLLANG
20:45:01.758 [main] TRACE - Finished loading type system org.apache.xmlbeans.metadata.system.sXMLLANG
20:45:01.760 [main] TRACE - Reading unresolved handles for type system org.apache.xmlbeans.metadata.system.sXMLCONFIG
20:45:01.763 [main] TRACE - Finished loading type system org.apache.xmlbeans.metadata.system.sXMLCONFIG
20:45:01.765 [main] TRACE - Reading unresolved handles for type system org.apache.poi.schemas.ooxml.system.ooxml
20:45:01.851 [main] TRACE - Finished loading type system org.apache.poi.schemas.ooxml.system.ooxml
20:45:01.852 [main] TRACE - Resolving type for handle themefd26doctype
20:45:01.937 [main] TRACE - Resolving type for handle stylesheet5d8bdoctype
20:45:01.962 [main] TRACE - Resolving type for handle ctstylesheet4257type
20:45:01.970 [main] TRACE - Resolving type for handle ctcolors6579type
20:45:01.974 [main] TRACE - Resolving type for handle ctfonts6623type
20:45:01.978 [main] TRACE - Resolving type for handle ctfont14d8type
20:45:01.989 [main] TRACE - Resolving type for handle ctfills2c6ftype
20:45:01.992 [main] TRACE - Resolving type for handle ctfill550ctype
20:45:01.995 [main] TRACE - Resolving type for handle ctborders0d66type
20:45:01.998 [main] TRACE - Resolving type for handle ctborderf935type
20:45:02.002 [main] TRACE - Resolving type for handle ctcellxfs1322type
20:45:02.007 [main] TRACE - Resolving type for handle ctxf97f7type
20:45:02.013 [main] TRACE - Resolving type for handle ctcellstylexfsa81ftype
20:45:02.016 [main] TRACE - Resolving type for handle ctdxfsb26atype
20:45:02.021 [main] TRACE - Resolving type for handle cttablestyles872ftype
20:45:02.024 [main] TRACE - Resolving type for handle sstf81fdoctype
20:45:02.033 [main] TRACE - Resolving type for handle ctsst44f3type
20:45:02.044 [main] TRACE - Resolving type for handle ctrsta472type
20:45:02.092 [main] TRACE - Resolving type for handle calcchainfc37doctype
20:45:02.098 [main] TRACE - Resolving type for handle ctcalcchain5a0btype
20:45:02.104 [main] TRACE - Resolving type for handle externallinkb4c2doctype
20:45:02.108 [main] TRACE - Resolving type for handle ctexternallink966etype
20:45:02.111 [main] DEBUG - using default POIXMLDocumentPart for http://schemas.openxmlformats.org/officeDocument/2006/relationships/printerSettings
20:45:02.112 [main] TRACE - Resolving type for handle ctdrawing2748type
20:45:02.133 [main] TRACE - Resolving type for handle chartspace36e0doctype
20:45:02.143 [main] TRACE - Resolving type for handle ctchartspacef9b4type
20:45:02.160 [main] DEBUG - using default POIXMLDocumentPart for http://schemas.openxmlformats.org/officeDocument/2006/relationships/chartUserShapes
20:45:02.161 [main] DEBUG - using default POIXMLDocumentPart for http://schemas.openxmlformats.org/officeDocument/2006/relationships/chartUserShapes
20:45:02.161 [main] DEBUG - using default POIXMLDocumentPart for http://schemas.openxmlformats.org/officeDocument/2006/relationships/chartUserShapes
20:45:02.161 [main] DEBUG - using default POIXMLDocumentPart for http://schemas.openxmlformats.org/officeDocument/2006/relationships/printerSettings
20:45:02.173 [main] DEBUG - using default POIXMLDocumentPart for http://schemas.openxmlformats.org/officeDocument/2006/relationships/chartUserShapes
20:45:02.174 [main] DEBUG - using default POIXMLDocumentPart for http://schemas.openxmlformats.org/officeDocument/2006/relationships/printerSettings
20:45:02.181 [main] DEBUG - using default POIXMLDocumentPart for http://schemas.openxmlformats.org/officeDocument/2006/relationships/printerSettings
20:45:02.191 [main] DEBUG - using default POIXMLDocumentPart for http://schemas.openxmlformats.org/officeDocument/2006/relationships/chartUserShapes
20:45:02.192 [main] DEBUG - using default POIXMLDocumentPart for http://schemas.openxmlformats.org/officeDocument/2006/relationships/printerSettings
20:45:02.198 [main] DEBUG - using default POIXMLDocumentPart for http://schemas.openxmlformats.org/officeDocument/2006/relationships/printerSettings
20:45:02.204 [main] DEBUG - using default POIXMLDocumentPart for http://schemas.openxmlformats.org/officeDocument/2006/relationships/printerSettings
20:45:02.205 [main] TRACE - Resolving type for handle workbookec17doctype
20:45:02.210 [main] TRACE - Resolving type for handle ctworkbook83c3type
20:45:02.215 [main] TRACE - Resolving type for handle ctsheets49fdtype
20:45:02.218 [main] TRACE - Resolving type for handle ctsheet4dbetype
20:45:02.221 [main] TRACE - Resolving type for handle strelationshipid1e94type
20:45:02.224 [main] TRACE - Resolving type for handle worksheetf539doctype
20:45:02.228 [main] TRACE - Resolving type for handle ctworksheet530dtype
20:45:02.237 [main] TRACE - Resolving type for handle ctcols627ctype
20:45:02.242 [main] TRACE - Resolving type for handle ctcola95ftype
20:45:02.259 [main] TRACE - Resolving type for handle ctsheetdata8408type
20:45:02.268 [main] TRACE - Resolving type for handle ctrowdd39type
20:45:02.274 [main] TRACE - Resolving type for handle ctcell842btype
20:45:02.282 [main] TRACE - Resolving type for handle stcellrefe4e0type
20:45:02.319 [main] TRACE - Resolving type for handle ctcellformula3583type
20:45:02.323 [main] TRACE - Resolving type for handle stcellformulatypee2cdtype
20:45:02.328 [main] TRACE - Resolving type for handle ctexternalreferencesd77ctype
20:45:02.330 [main] TRACE - Resolving type for handle ctexternalreference945ftype
20:45:02.334 [main] TRACE - Resolving type for handle ctdefinednamesce48type
20:45:02.336 [main] TRACE - Resolving type for handle ctdefinedname9413type
20:45:02.339 [main] TRACE - Resolving type for handle stxstringf179type
20:45:02.345 [main] TRACE - Resolving type for handle stsheetstate158btype
20:45:02.359 [main] TRACE - Resolving type for handle stcelltypebf95type
20:45:02.367 [main] TRACE - Resolving type for handle ctsheetprotection22f7type
20:45:02.409 [main] TRACE - Resolving type for handle stnumfmtid76fbtype
20:45:02.410 [main] TRACE - Resolving type for handle stfontid9d63type
20:45:02.411 [main] TRACE - Resolving type for handle stfillida097type
20:45:02.412 [main] TRACE - Resolving type for handle stborderid1a80type
20:45:02.413 [main] TRACE - Resolving type for handle stcellstylexfid70c7type
20:45:02.416 [main] TRACE - Resolving type for handle ctcellalignmentb580type
20:45:02.418 [main] TRACE - Resolving type for handle stverticalalignmentd35ctype
20:45:02.421 [main] TRACE - Resolving type for handle ctborderpre497type
20:45:02.424 [main] TRACE - Resolving type for handle stborderstylec774type
20:45:02.427 [main] TRACE - Resolving type for handle ctcolord2c2type
20:45:02.442 [main] TRACE - Resolving type for handle ctfontname2dc3type
20:45:02.445 [main] TRACE - Resolving type for handle ctfontsizeb3b9type
20:45:02.447 [main] TRACE - Resolving type for handle ctbooleanproperty1f3ctype
20:45:02.468 [main] TRACE - Resolving type for handle stunsignedinthex27datype
20:45:02.480 [main] TRACE - Resolving type for handle sthorizontalalignmentf92etype
20:45:02.494 [main] TRACE - Resolving type for handle ctdrawing44fdtype
20:45:02.496 [main] TRACE - Resolving type for handle ctchartc108type
20:45:02.499 [main] TRACE - Resolving type for handle cttitleb54etype
20:45:02.511 [main] TRACE - Resolving type for handle cttx9678type
20:45:02.513 [main] TRACE - Resolving type for handle cttextbodya3catype
20:45:02.516 [main] TRACE - Resolving type for handle cttextparagraphcaf2type
20:45:02.520 [main] TRACE - Resolving type for handle ctregulartextrun7e3dtype
20:45:02.545 [main] TRACE - Resolving type for handle ctplotarea106etype
20:45:02.552 [main] TRACE - Resolving type for handle ctcatax7159type
20:45:02.559 [main] TRACE - Resolving type for handle ctunsignedinte8ectype
20:45:02.562 [main] TRACE - Resolving type for handle ctvalaxd06etype
20:45:02.569 [main] TRACE - Resolving type for handle ctbarchart4151type
20:45:02.578 [main] TRACE - Resolving type for handle ctbardir5f42type
20:45:02.586 [main] TRACE - Resolving type for handle ctbarser960ftype
20:45:02.592 [main] TRACE - Resolving type for handle ctaxdatasource1440type
20:45:02.596 [main] TRACE - Resolving type for handle ctnumdatasourcef0bbtype
20:45:02.601 [main] TRACE - Resolving type for handle ctstrref5d1atype
20:45:02.606 [main] TRACE - Resolving type for handle ctstrdatad58btype
20:45:02.610 [main] TRACE - Resolving type for handle ctnumref062ftype
20:45:02.612 [main] TRACE - Resolving type for handle ctnumdata4f16type
20:45:02.646 [main] TRACE - Resolving type for handle ctworkbookpr03a5type
20:45:02.655 [main] TRACE - Resolving type for handle ctbookviewsb864type
20:45:02.657 [main] TRACE - Resolving type for handle ctbookviewf677type
20:45:02.669 [main] TRACE - Resolving type for handle propertiesee84doctype
20:45:02.673 [main] TRACE - Resolving type for handle ctproperties3f10type
20:45:02.683 [main] TRACE - Resolving type for handle properties288cdoctype
20:45:02.685 [main] TRACE - Resolving type for handle ctproperties2c18type
20:45:02.691 [main] TRACE - Resolving type for handle ctfontfamily685ctype
20:45:02.693 [main] TRACE - Resolving type for handle stfontfamily9c6ctype
20:45:02.698 [main] TRACE - Resolving type for handle ctfontschemebf5dtype
20:45:02.700 [main] TRACE - Resolving type for handle stfontschemef36dtype
20:45:02.701 [main] TRACE - Resolving type for handle ctpatternfill7452type
20:45:02.704 [main] TRACE - Resolving type for handle stpatterntype7939type
20:45:02.708 [main] TRACE - Resolving type for handle ctsheetformatprdef7type
20:45:02.713 [main] TRACE - Resolving type for handle ctsheetviewsb918type
20:45:02.716 [main] TRACE - Resolving type for handle ctsheetview0f43type
20:45:02.724 [main] TRACE - Resolving type for handle ctsheetdimensiond310type
20:45:02.725 [main] TRACE - Resolving type for handle stref90a2type
20:45:02.727 [main] TRACE - Resolving type for handle ctpagemargins5455type
20:45:02.732 [main] TRACE - Resolving type for handle ctstrval86cctype
20:45:02.736 [main] TRACE - Resolving type for handle ctnumval2fe1type
20:45:02.740 [main] TRACE - Resolving type for handle ctpaneaab1type
20:45:02.744 [main] TRACE - Resolving type for handle stpane2ac1type
20:45:02.745 [main] TRACE - Resolving type for handle stpanestateae58type
20:45:02.747 [main] TRACE - Resolving type for handle ctselectionca2btype
20:45:02.756 [main] TRACE - Resolving type for handle cttwocellanchor1e8dtype
20:45:02.759 [main] TRACE - Resolving type for handle ctmarkeree8etype
20:45:02.761 [main] TRACE - Resolving type for handle strowidf4cftype
20:45:02.772 [main] TRACE - Resolving type for handle ctcalccellb960type
20:45:02.779 [main] TRACE - Resolving type for handle ctmergecells1242type
20:45:02.781 [main] TRACE - Resolving type for handle ctmergecelle8d9type
20:45:02.888 [main] TRACE - Resolving type for handle ctworkbookprotection56bctype
20:45:02.930 [main] TRACE - Resolving type for handle ctnumfmtsb58btype
20:45:02.974 [main] DEBUG - Save content types part
20:45:03.051 [main] DEBUG - Save package relationships
20:45:03.057 [main] DEBUG - Save part 'docProps/app.xml'
20:45:03.057 [main] DEBUG - Save part 'docProps/core.xml'
20:45:03.061 [main] DEBUG - Save part 'xl/charts/chart1.xml'
20:45:03.063 [main] DEBUG - Save part 'xl/charts/chart2.xml'
20:45:03.065 [main] DEBUG - Save part 'xl/charts/chart3.xml'
20:45:03.067 [main] DEBUG - Save part 'xl/charts/chart4.xml'
20:45:03.068 [main] DEBUG - Save part 'xl/charts/chart5.xml'
20:45:03.069 [main] DEBUG - Save part 'xl/charts/chart6.xml'
20:45:03.070 [main] DEBUG - Save part 'xl/charts/chart7.xml'
20:45:03.070 [main] DEBUG - Save part 'xl/charts/chart8.xml'
20:45:03.072 [main] DEBUG - Save part 'xl/charts/chart9.xml'
20:45:03.072 [main] DEBUG - Save part 'xl/charts/chart10.xml'
20:45:03.073 [main] DEBUG - Save part 'xl/drawings/drawing1.xml'
20:45:03.075 [main] DEBUG - Save part 'xl/drawings/drawing2.xml'
20:45:03.075 [main] DEBUG - Save part 'xl/drawings/drawing3.xml'
20:45:03.075 [main] DEBUG - Save part 'xl/drawings/drawing4.xml'
20:45:03.076 [main] DEBUG - Save part 'xl/drawings/drawing5.xml'
20:45:03.080 [main] DEBUG - Save part 'xl/drawings/drawing6.xml'
20:45:03.080 [main] DEBUG - Save part 'xl/drawings/drawing7.xml'
20:45:03.082 [main] DEBUG - Save part 'xl/drawings/drawing8.xml'
20:45:03.084 [main] DEBUG - Save part 'xl/drawings/drawing9.xml'
20:45:03.084 [main] DEBUG - Save part 'xl/externalLinks/externalLink1.xml'
20:45:03.086 [main] DEBUG - Save part 'xl/printerSettings/printerSettings1.bin'
20:45:03.087 [main] DEBUG - Save part 'xl/printerSettings/printerSettings2.bin'
20:45:03.087 [main] DEBUG - Save part 'xl/printerSettings/printerSettings3.bin'
20:45:03.087 [main] DEBUG - Save part 'xl/printerSettings/printerSettings4.bin'
20:45:03.088 [main] DEBUG - Save part 'xl/printerSettings/printerSettings7.bin'
20:45:03.089 [main] DEBUG - Save part 'xl/sharedStrings.xml'
20:45:03.090 [main] DEBUG - Save part 'xl/styles.xml'
20:45:03.091 [main] DEBUG - Save part 'xl/theme/theme1.xml'
20:45:03.091 [main] DEBUG - Save part 'xl/workbook.xml'
20:45:03.096 [main] DEBUG - Save part 'xl/worksheets/sheet1.xml'
20:45:03.100 [main] DEBUG - Save part 'xl/worksheets/sheet2.xml'
20:45:03.103 [main] DEBUG - Save part 'xl/worksheets/sheet3.xml'
20:45:03.106 [main] DEBUG - Save part 'xl/worksheets/sheet4.xml'
20:45:03.108 [main] DEBUG - Save part 'xl/worksheets/sheet8.xml'
20:51:20.300 [main] DEBUG - Parsing relationship: /xl/charts/_rels/chart1.xml.rels
20:51:20.304 [main] DEBUG - Parsing relationship: /xl/charts/_rels/chart2.xml.rels
20:51:20.305 [main] DEBUG - Parsing relationship: /xl/charts/_rels/chart3.xml.rels
20:51:20.306 [main] DEBUG - Parsing relationship: /xl/charts/_rels/chart5.xml.rels
20:51:20.307 [main] DEBUG - Parsing relationship: /xl/charts/_rels/chart8.xml.rels
20:51:20.308 [main] DEBUG - Parsing relationship: /xl/drawings/_rels/drawing1.xml.rels
20:51:20.309 [main] DEBUG - Parsing relationship: /xl/drawings/_rels/drawing5.xml.rels
20:51:20.311 [main] DEBUG - Parsing relationship: /xl/drawings/_rels/drawing7.xml.rels
20:51:20.312 [main] DEBUG - Parsing relationship: /xl/drawings/_rels/drawing8.xml.rels
20:51:20.314 [main] DEBUG - Parsing relationship: /xl/drawings/_rels/drawing10.xml.rels
20:51:20.315 [main] DEBUG - Parsing relationship: /xl/drawings/_rels/drawing11.xml.rels
20:51:20.317 [main] DEBUG - Parsing relationship: /xl/externalLinks/_rels/externalLink1.xml.rels
20:51:20.319 [main] DEBUG - Parsing relationship: /xl/_rels/workbook.xml.rels
20:51:20.321 [main] DEBUG - Parsing relationship: /xl/worksheets/_rels/sheet1.xml.rels
20:51:20.323 [main] DEBUG - Parsing relationship: /xl/worksheets/_rels/sheet2.xml.rels
20:51:20.324 [main] DEBUG - Parsing relationship: /xl/worksheets/_rels/sheet3.xml.rels
20:51:20.325 [main] DEBUG - Parsing relationship: /xl/worksheets/_rels/sheet4.xml.rels
20:51:20.327 [main] DEBUG - Parsing relationship: /xl/worksheets/_rels/sheet6.xml.rels
20:51:20.328 [main] DEBUG - Parsing relationship: /xl/worksheets/_rels/sheet7.xml.rels
20:51:20.330 [main] DEBUG - Parsing relationship: /xl/worksheets/_rels/sheet8.xml.rels
20:51:20.331 [main] DEBUG - Parsing relationship: /_rels/.rels
20:51:20.516 [main] TRACE - Loading type system org.apache.poi.schemas.ooxml.system.ooxml
20:51:20.519 [main] TRACE - Loading type system org.apache.xmlbeans.metadata.system.sXMLCONFIG
20:51:20.519 [main] TRACE - Loading type system org.apache.xmlbeans.metadata.system.sXMLLANG
20:51:20.519 [main] TRACE - Loading type system org.apache.xmlbeans.metadata.system.sXMLSCHEMA
20:51:20.519 [main] TRACE - Loading type system org.apache.xmlbeans.metadata.system.sXMLTOOLS
20:51:20.521 [main] TRACE - Reading unresolved handles for type system org.apache.xmlbeans.metadata.system.sXMLTOOLS
20:51:20.543 [main] TRACE - Finished loading type system org.apache.xmlbeans.metadata.system.sXMLTOOLS
20:51:20.544 [main] TRACE - Reading unresolved handles for type system org.apache.xmlbeans.metadata.system.sXMLSCHEMA
20:51:20.555 [main] TRACE - Finished loading type system org.apache.xmlbeans.metadata.system.sXMLSCHEMA
20:51:20.557 [main] TRACE - Reading unresolved handles for type system org.apache.xmlbeans.metadata.system.sXMLLANG
20:51:20.559 [main] TRACE - Finished loading type system org.apache.xmlbeans.metadata.system.sXMLLANG
20:51:20.561 [main] TRACE - Reading unresolved handles for type system org.apache.xmlbeans.metadata.system.sXMLCONFIG
20:51:20.563 [main] TRACE - Finished loading type system org.apache.xmlbeans.metadata.system.sXMLCONFIG
20:51:20.564 [main] TRACE - Reading unresolved handles for type system org.apache.poi.schemas.ooxml.system.ooxml
20:51:20.643 [main] TRACE - Finished loading type system org.apache.poi.schemas.ooxml.system.ooxml
20:51:20.644 [main] TRACE - Resolving type for handle themefd26doctype
20:51:20.736 [main] TRACE - Resolving type for handle stylesheet5d8bdoctype
20:51:20.753 [main] TRACE - Resolving type for handle ctstylesheet4257type
20:51:20.759 [main] TRACE - Resolving type for handle ctcolors6579type
20:51:20.761 [main] TRACE - Resolving type for handle ctfonts6623type
20:51:20.765 [main] TRACE - Resolving type for handle ctfont14d8type
20:51:20.773 [main] TRACE - Resolving type for handle ctfills2c6ftype
20:51:20.775 [main] TRACE - Resolving type for handle ctfill550ctype
20:51:20.777 [main] TRACE - Resolving type for handle ctborders0d66type
20:51:20.781 [main] TRACE - Resolving type for handle ctborderf935type
20:51:20.785 [main] TRACE - Resolving type for handle ctcellxfs1322type
20:51:20.788 [main] TRACE - Resolving type for handle ctxf97f7type
20:51:20.792 [main] TRACE - Resolving type for handle ctcellstylexfsa81ftype
20:51:20.794 [main] TRACE - Resolving type for handle ctdxfsb26atype
20:51:20.796 [main] TRACE - Resolving type for handle cttablestyles872ftype
20:51:20.798 [main] TRACE - Resolving type for handle sstf81fdoctype
20:51:20.803 [main] TRACE - Resolving type for handle ctsst44f3type
20:51:20.827 [main] TRACE - Resolving type for handle ctrsta472type
20:51:20.877 [main] TRACE - Resolving type for handle calcchainfc37doctype
20:51:20.883 [main] TRACE - Resolving type for handle ctcalcchain5a0btype
20:51:20.887 [main] TRACE - Resolving type for handle externallinkb4c2doctype
20:51:20.896 [main] TRACE - Resolving type for handle ctexternallink966etype
20:51:20.900 [main] DEBUG - using default POIXMLDocumentPart for http://schemas.openxmlformats.org/officeDocument/2006/relationships/printerSettings
20:51:20.902 [main] TRACE - Resolving type for handle ctdrawing2748type
20:51:20.923 [main] TRACE - Resolving type for handle chartspace36e0doctype
20:51:20.929 [main] TRACE - Resolving type for handle ctchartspacef9b4type
20:51:20.942 [main] DEBUG - using default POIXMLDocumentPart for http://schemas.openxmlformats.org/officeDocument/2006/relationships/chartUserShapes
20:51:20.943 [main] DEBUG - using default POIXMLDocumentPart for http://schemas.openxmlformats.org/officeDocument/2006/relationships/chartUserShapes
20:51:20.943 [main] DEBUG - using default POIXMLDocumentPart for http://schemas.openxmlformats.org/officeDocument/2006/relationships/chartUserShapes
20:51:20.943 [main] DEBUG - using default POIXMLDocumentPart for http://schemas.openxmlformats.org/officeDocument/2006/relationships/printerSettings
20:51:20.953 [main] DEBUG - using default POIXMLDocumentPart for http://schemas.openxmlformats.org/officeDocument/2006/relationships/chartUserShapes
20:51:20.953 [main] DEBUG - using default POIXMLDocumentPart for http://schemas.openxmlformats.org/officeDocument/2006/relationships/printerSettings
20:51:20.960 [main] DEBUG - using default POIXMLDocumentPart for http://schemas.openxmlformats.org/officeDocument/2006/relationships/printerSettings
20:51:20.970 [main] DEBUG - using default POIXMLDocumentPart for http://schemas.openxmlformats.org/officeDocument/2006/relationships/chartUserShapes
20:51:20.971 [main] DEBUG - using default POIXMLDocumentPart for http://schemas.openxmlformats.org/officeDocument/2006/relationships/printerSettings
20:51:20.977 [main] DEBUG - using default POIXMLDocumentPart for http://schemas.openxmlformats.org/officeDocument/2006/relationships/printerSettings
20:51:20.983 [main] DEBUG - using default POIXMLDocumentPart for http://schemas.openxmlformats.org/officeDocument/2006/relationships/printerSettings
20:51:20.985 [main] TRACE - Resolving type for handle workbookec17doctype
20:51:20.989 [main] TRACE - Resolving type for handle ctworkbook83c3type
20:51:20.995 [main] TRACE - Resolving type for handle ctsheets49fdtype
20:51:20.998 [main] TRACE - Resolving type for handle ctsheet4dbetype
20:51:21.000 [main] TRACE - Resolving type for handle strelationshipid1e94type
20:51:21.003 [main] TRACE - Resolving type for handle worksheetf539doctype
20:51:21.007 [main] TRACE - Resolving type for handle ctworksheet530dtype
20:51:21.018 [main] TRACE - Resolving type for handle ctcols627ctype
20:51:21.022 [main] TRACE - Resolving type for handle ctcola95ftype
20:51:21.038 [main] TRACE - Resolving type for handle ctsheetdata8408type
20:51:21.047 [main] TRACE - Resolving type for handle ctrowdd39type
20:51:21.053 [main] TRACE - Resolving type for handle ctcell842btype
20:51:21.062 [main] TRACE - Resolving type for handle stcellrefe4e0type
20:51:21.103 [main] TRACE - Resolving type for handle ctcellformula3583type
20:51:21.108 [main] TRACE - Resolving type for handle stcellformulatypee2cdtype
20:51:21.113 [main] TRACE - Resolving type for handle ctexternalreferencesd77ctype
20:51:21.114 [main] TRACE - Resolving type for handle ctexternalreference945ftype
20:51:21.117 [main] TRACE - Resolving type for handle ctdefinednamesce48type
20:51:21.120 [main] TRACE - Resolving type for handle ctdefinedname9413type
20:51:21.125 [main] TRACE - Resolving type for handle stxstringf179type
20:51:21.133 [main] TRACE - Resolving type for handle stsheetstate158btype
20:51:21.153 [main] TRACE - Resolving type for handle stcelltypebf95type
20:51:21.161 [main] TRACE - Resolving type for handle ctsheetprotection22f7type
20:51:21.221 [main] TRACE - Resolving type for handle stnumfmtid76fbtype
20:51:21.223 [main] TRACE - Resolving type for handle stfontid9d63type
20:51:21.224 [main] TRACE - Resolving type for handle stfillida097type
20:51:21.226 [main] TRACE - Resolving type for handle stborderid1a80type
20:51:21.227 [main] TRACE - Resolving type for handle stcellstylexfid70c7type
20:51:21.232 [main] TRACE - Resolving type for handle ctcellalignmentb580type
20:51:21.236 [main] TRACE - Resolving type for handle stverticalalignmentd35ctype
20:51:21.239 [main] TRACE - Resolving type for handle ctborderpre497type
20:51:21.243 [main] TRACE - Resolving type for handle stborderstylec774type
20:51:21.246 [main] TRACE - Resolving type for handle ctcolord2c2type
20:51:21.255 [main] TRACE - Resolving type for handle ctfontname2dc3type
20:51:21.258 [main] TRACE - Resolving type for handle ctfontsizeb3b9type
20:51:21.260 [main] TRACE - Resolving type for handle ctbooleanproperty1f3ctype
20:51:21.274 [main] TRACE - Resolving type for handle stunsignedinthex27datype
20:51:21.284 [main] TRACE - Resolving type for handle sthorizontalalignmentf92etype
20:51:21.296 [main] TRACE - Resolving type for handle ctdrawing44fdtype
20:51:21.298 [main] TRACE - Resolving type for handle ctchartc108type
20:51:21.301 [main] TRACE - Resolving type for handle cttitleb54etype
20:51:21.313 [main] TRACE - Resolving type for handle cttx9678type
20:51:21.316 [main] TRACE - Resolving type for handle cttextbodya3catype
20:51:21.319 [main] TRACE - Resolving type for handle cttextparagraphcaf2type
20:51:21.322 [main] TRACE - Resolving type for handle ctregulartextrun7e3dtype
20:51:21.346 [main] TRACE - Resolving type for handle ctplotarea106etype
20:51:21.362 [main] TRACE - Resolving type for handle ctcatax7159type
20:51:21.369 [main] TRACE - Resolving type for handle ctunsignedinte8ectype
20:51:21.372 [main] TRACE - Resolving type for handle ctvalaxd06etype
20:51:21.379 [main] TRACE - Resolving type for handle ctbarchart4151type
20:51:21.389 [main] TRACE - Resolving type for handle ctbardir5f42type
20:51:21.396 [main] TRACE - Resolving type for handle ctbarser960ftype
20:51:21.401 [main] TRACE - Resolving type for handle ctaxdatasource1440type
20:51:21.404 [main] TRACE - Resolving type for handle ctnumdatasourcef0bbtype
20:51:21.409 [main] TRACE - Resolving type for handle ctstrref5d1atype
20:51:21.412 [main] TRACE - Resolving type for handle ctstrdatad58btype
20:51:21.417 [main] TRACE - Resolving type for handle ctnumref062ftype
20:51:21.420 [main] TRACE - Resolving type for handle ctnumdata4f16type
20:51:21.461 [main] TRACE - Resolving type for handle ctworkbookpr03a5type
20:51:21.466 [main] TRACE - Resolving type for handle ctbookviewsb864type
20:51:21.468 [main] TRACE - Resolving type for handle ctbookviewf677type
20:51:21.472 [main] TRACE - Resolving type for handle propertiesee84doctype
20:51:21.473 [main] TRACE - Resolving type for handle ctproperties3f10type
20:51:21.478 [main] TRACE - Resolving type for handle properties288cdoctype
20:51:21.481 [main] TRACE - Resolving type for handle ctproperties2c18type
20:51:21.489 [main] TRACE - Resolving type for handle ctfontfamily685ctype
20:51:21.493 [main] TRACE - Resolving type for handle stfontfamily9c6ctype
20:51:21.499 [main] TRACE - Resolving type for handle ctfontschemebf5dtype
20:51:21.503 [main] TRACE - Resolving type for handle stfontschemef36dtype
20:51:21.505 [main] TRACE - Resolving type for handle ctpatternfill7452type
20:51:21.511 [main] TRACE - Resolving type for handle stpatterntype7939type
20:51:21.517 [main] TRACE - Resolving type for handle ctsheetformatprdef7type
20:51:21.524 [main] TRACE - Resolving type for handle ctsheetviewsb918type
20:51:21.527 [main] TRACE - Resolving type for handle ctsheetview0f43type
20:51:21.536 [main] TRACE - Resolving type for handle ctsheetdimensiond310type
20:51:21.538 [main] TRACE - Resolving type for handle stref90a2type
20:51:21.540 [main] TRACE - Resolving type for handle ctpagemargins5455type
20:51:21.545 [main] TRACE - Resolving type for handle ctstrval86cctype
20:51:21.548 [main] TRACE - Resolving type for handle ctnumval2fe1type
20:51:21.552 [main] TRACE - Resolving type for handle ctpaneaab1type
20:51:21.557 [main] TRACE - Resolving type for handle stpane2ac1type
20:51:21.559 [main] TRACE - Resolving type for handle stpanestateae58type
20:51:21.563 [main] TRACE - Resolving type for handle ctselectionca2btype
20:51:21.575 [main] TRACE - Resolving type for handle cttwocellanchor1e8dtype
20:51:21.579 [main] TRACE - Resolving type for handle ctmarkeree8etype
20:51:21.582 [main] TRACE - Resolving type for handle strowidf4cftype
20:51:21.594 [main] TRACE - Resolving type for handle ctcalccellb960type
20:51:21.601 [main] TRACE - Resolving type for handle ctmergecells1242type
20:51:21.603 [main] TRACE - Resolving type for handle ctmergecelle8d9type
20:51:21.688 [main] TRACE - Resolving type for handle ctworkbookprotection56bctype
20:51:21.725 [main] TRACE - Resolving type for handle ctnumfmtsb58btype
20:51:21.776 [main] DEBUG - Save content types part
20:51:21.856 [main] DEBUG - Save package relationships
20:51:21.860 [main] DEBUG - Save part 'docProps/app.xml'
20:51:21.860 [main] DEBUG - Save part 'docProps/core.xml'
20:51:21.863 [main] DEBUG - Save part 'xl/charts/chart1.xml'
20:51:21.865 [main] DEBUG - Save part 'xl/charts/chart2.xml'
20:51:21.867 [main] DEBUG - Save part 'xl/charts/chart3.xml'
20:51:21.869 [main] DEBUG - Save part 'xl/charts/chart4.xml'
20:51:21.870 [main] DEBUG - Save part 'xl/charts/chart5.xml'
20:51:21.871 [main] DEBUG - Save part 'xl/charts/chart6.xml'
20:51:21.872 [main] DEBUG - Save part 'xl/charts/chart7.xml'
20:51:21.872 [main] DEBUG - Save part 'xl/charts/chart8.xml'
20:51:21.876 [main] DEBUG - Save part 'xl/charts/chart9.xml'
20:51:21.877 [main] DEBUG - Save part 'xl/charts/chart10.xml'
20:51:21.878 [main] DEBUG - Save part 'xl/drawings/drawing1.xml'
20:51:21.880 [main] DEBUG - Save part 'xl/drawings/drawing2.xml'
20:51:21.880 [main] DEBUG - Save part 'xl/drawings/drawing3.xml'
20:51:21.881 [main] DEBUG - Save part 'xl/drawings/drawing4.xml'
20:51:21.881 [main] DEBUG - Save part 'xl/drawings/drawing5.xml'
20:51:21.883 [main] DEBUG - Save part 'xl/drawings/drawing6.xml'
20:51:21.883 [main] DEBUG - Save part 'xl/drawings/drawing7.xml'
20:51:21.885 [main] DEBUG - Save part 'xl/drawings/drawing8.xml'
20:51:21.887 [main] DEBUG - Save part 'xl/drawings/drawing9.xml'
20:51:21.887 [main] DEBUG - Save part 'xl/externalLinks/externalLink1.xml'
20:51:21.889 [main] DEBUG - Save part 'xl/printerSettings/printerSettings1.bin'
20:51:21.889 [main] DEBUG - Save part 'xl/printerSettings/printerSettings2.bin'
20:51:21.889 [main] DEBUG - Save part 'xl/printerSettings/printerSettings3.bin'
20:51:21.890 [main] DEBUG - Save part 'xl/printerSettings/printerSettings4.bin'
20:51:21.890 [main] DEBUG - Save part 'xl/printerSettings/printerSettings7.bin'
20:51:21.891 [main] DEBUG - Save part 'xl/sharedStrings.xml'
20:51:21.891 [main] DEBUG - Save part 'xl/styles.xml'
20:51:21.892 [main] DEBUG - Save part 'xl/theme/theme1.xml'
20:51:21.892 [main] DEBUG - Save part 'xl/workbook.xml'
20:51:21.894 [main] DEBUG - Save part 'xl/worksheets/sheet1.xml'
20:51:21.896 [main] DEBUG - Save part 'xl/worksheets/sheet2.xml'
20:51:21.898 [main] DEBUG - Save part 'xl/worksheets/sheet3.xml'
20:51:21.900 [main] DEBUG - Save part 'xl/worksheets/sheet4.xml'
20:51:21.902 [main] DEBUG - Save part 'xl/worksheets/sheet8.xml'
23:06:33.949 [main] DEBUG - Parsing relationship: /xl/charts/_rels/chart4.xml.rels
23:06:33.960 [main] DEBUG - Parsing relationship: /xl/charts/_rels/chart5.xml.rels
23:06:33.962 [main] DEBUG - Parsing relationship: /xl/charts/_rels/chart6.xml.rels
23:06:33.963 [main] DEBUG - Parsing relationship: /xl/charts/_rels/chart8.xml.rels
23:06:33.967 [main] DEBUG - Parsing relationship: /xl/charts/_rels/chart11.xml.rels
23:06:33.971 [main] DEBUG - Parsing relationship: /xl/drawings/_rels/drawing1.xml.rels
23:06:33.977 [main] DEBUG - Parsing relationship: /xl/drawings/_rels/drawing5.xml.rels
23:06:33.981 [main] DEBUG - Parsing relationship: /xl/drawings/_rels/drawing7.xml.rels
23:06:33.984 [main] DEBUG - Parsing relationship: /xl/drawings/_rels/drawing8.xml.rels
23:06:33.987 [main] DEBUG - Parsing relationship: /xl/drawings/_rels/drawing10.xml.rels
23:06:33.990 [main] DEBUG - Parsing relationship: /xl/drawings/_rels/drawing11.xml.rels
23:06:33.994 [main] DEBUG - Parsing relationship: /xl/_rels/workbook.xml.rels
23:06:33.999 [main] DEBUG - Parsing relationship: /xl/worksheets/_rels/sheet1.xml.rels
23:06:34.003 [main] DEBUG - Parsing relationship: /xl/worksheets/_rels/sheet2.xml.rels
23:06:34.006 [main] DEBUG - Parsing relationship: /xl/worksheets/_rels/sheet3.xml.rels
23:06:34.010 [main] DEBUG - Parsing relationship: /xl/worksheets/_rels/sheet4.xml.rels
23:06:34.013 [main] DEBUG - Parsing relationship: /xl/worksheets/_rels/sheet5.xml.rels
23:06:34.018 [main] DEBUG - Parsing relationship: /xl/worksheets/_rels/sheet6.xml.rels
23:06:34.022 [main] DEBUG - Parsing relationship: /xl/worksheets/_rels/sheet7.xml.rels
23:06:34.025 [main] DEBUG - Parsing relationship: /xl/worksheets/_rels/sheet8.xml.rels
23:06:34.028 [main] DEBUG - Parsing relationship: /_rels/.rels
23:06:34.555 [main] TRACE - Loading type system org.apache.poi.schemas.ooxml.system.ooxml
23:06:34.563 [main] TRACE - Loading type system org.apache.xmlbeans.metadata.system.sXMLCONFIG
23:06:34.564 [main] TRACE - Loading type system org.apache.xmlbeans.metadata.system.sXMLLANG
23:06:34.565 [main] TRACE - Loading type system org.apache.xmlbeans.metadata.system.sXMLSCHEMA
23:06:34.566 [main] TRACE - Loading type system org.apache.xmlbeans.metadata.system.sXMLTOOLS
23:06:34.569 [main] TRACE - Reading unresolved handles for type system org.apache.xmlbeans.metadata.system.sXMLTOOLS
23:06:34.608 [main] TRACE - Finished loading type system org.apache.xmlbeans.metadata.system.sXMLTOOLS
23:06:34.610 [main] TRACE - Reading unresolved handles for type system org.apache.xmlbeans.metadata.system.sXMLSCHEMA
23:06:34.630 [main] TRACE - Finished loading type system org.apache.xmlbeans.metadata.system.sXMLSCHEMA
23:06:34.634 [main] TRACE - Reading unresolved handles for type system org.apache.xmlbeans.metadata.system.sXMLLANG
23:06:34.640 [main] TRACE - Finished loading type system org.apache.xmlbeans.metadata.system.sXMLLANG
23:06:34.642 [main] TRACE - Reading unresolved handles for type system org.apache.xmlbeans.metadata.system.sXMLCONFIG
23:06:34.645 [main] TRACE - Finished loading type system org.apache.xmlbeans.metadata.system.sXMLCONFIG
23:06:34.648 [main] TRACE - Reading unresolved handles for type system org.apache.poi.schemas.ooxml.system.ooxml
23:06:34.811 [main] TRACE - Finished loading type system org.apache.poi.schemas.ooxml.system.ooxml
23:06:34.814 [main] TRACE - Resolving type for handle stylesheet5d8bdoctype
23:06:34.931 [main] TRACE - Resolving type for handle ctstylesheet4257type
23:06:34.938 [main] TRACE - Resolving type for handle ctcolors6579type
23:06:34.941 [main] TRACE - Resolving type for handle ctfonts6623type
23:06:34.945 [main] TRACE - Resolving type for handle ctfont14d8type
23:06:34.955 [main] TRACE - Resolving type for handle ctfills2c6ftype
23:06:34.958 [main] TRACE - Resolving type for handle ctfill550ctype
23:06:34.960 [main] TRACE - Resolving type for handle ctborders0d66type
23:06:34.963 [main] TRACE - Resolving type for handle ctborderf935type
23:06:34.969 [main] TRACE - Resolving type for handle ctcellxfs1322type
23:06:34.975 [main] TRACE - Resolving type for handle ctxf97f7type
23:06:34.978 [main] TRACE - Resolving type for handle ctcellstylexfsa81ftype
23:06:34.982 [main] TRACE - Resolving type for handle ctdxfsb26atype
23:06:34.986 [main] TRACE - Resolving type for handle cttablestyles872ftype
23:06:34.991 [main] TRACE - Resolving type for handle sstf81fdoctype
23:06:34.998 [main] TRACE - Resolving type for handle ctsst44f3type
23:06:35.010 [main] TRACE - Resolving type for handle ctrsta472type
23:06:35.059 [main] TRACE - Resolving type for handle themefd26doctype
23:06:35.068 [main] DEBUG - using default POIXMLDocumentPart for http://schemas.openxmlformats.org/officeDocument/2006/relationships/printerSettings
23:06:35.070 [main] TRACE - Resolving type for handle ctdrawing2748type
23:06:35.106 [main] TRACE - Resolving type for handle chartspace36e0doctype
23:06:35.111 [main] TRACE - Resolving type for handle ctchartspacef9b4type
23:06:35.151 [main] DEBUG - using default POIXMLDocumentPart for http://schemas.openxmlformats.org/officeDocument/2006/relationships/chartUserShapes
23:06:35.151 [main] DEBUG - using default POIXMLDocumentPart for http://schemas.openxmlformats.org/officeDocument/2006/relationships/chartUserShapes
23:06:35.151 [main] DEBUG - using default POIXMLDocumentPart for http://schemas.openxmlformats.org/officeDocument/2006/relationships/chartUserShapes
23:06:35.151 [main] DEBUG - using default POIXMLDocumentPart for http://schemas.openxmlformats.org/officeDocument/2006/relationships/printerSettings
23:06:35.161 [main] DEBUG - using default POIXMLDocumentPart for http://schemas.openxmlformats.org/officeDocument/2006/relationships/chartUserShapes
23:06:35.161 [main] DEBUG - using default POIXMLDocumentPart for http://schemas.openxmlformats.org/officeDocument/2006/relationships/printerSettings
23:06:35.168 [main] DEBUG - using default POIXMLDocumentPart for http://schemas.openxmlformats.org/officeDocument/2006/relationships/printerSettings
23:06:35.178 [main] DEBUG - using default POIXMLDocumentPart for http://schemas.openxmlformats.org/officeDocument/2006/relationships/chartUserShapes
23:06:35.179 [main] DEBUG - using default POIXMLDocumentPart for http://schemas.openxmlformats.org/officeDocument/2006/relationships/printerSettings
23:06:35.179 [main] DEBUG - using default POIXMLDocumentPart for http://schemas.openxmlformats.org/officeDocument/2006/relationships/printerSettings
23:06:35.186 [main] DEBUG - using default POIXMLDocumentPart for http://schemas.openxmlformats.org/officeDocument/2006/relationships/printerSettings
23:06:35.193 [main] DEBUG - using default POIXMLDocumentPart for http://schemas.openxmlformats.org/officeDocument/2006/relationships/printerSettings
23:06:35.194 [main] TRACE - Resolving type for handle workbookec17doctype
23:06:35.205 [main] TRACE - Resolving type for handle ctworkbook83c3type
23:06:35.214 [main] TRACE - Resolving type for handle ctsheets49fdtype
23:06:35.220 [main] TRACE - Resolving type for handle ctsheet4dbetype
23:06:35.226 [main] TRACE - Resolving type for handle strelationshipid1e94type
23:06:35.230 [main] TRACE - Resolving type for handle worksheetf539doctype
23:06:35.237 [main] TRACE - Resolving type for handle ctworksheet530dtype
23:06:35.253 [main] TRACE - Resolving type for handle ctcols627ctype
23:06:35.262 [main] TRACE - Resolving type for handle ctcola95ftype
23:06:35.309 [main] TRACE - Resolving type for handle ctsheetdata8408type
23:06:35.313 [main] TRACE - Resolving type for handle ctrowdd39type
23:06:35.331 [main] TRACE - Resolving type for handle ctcell842btype
23:06:35.342 [main] TRACE - Resolving type for handle stcellrefe4e0type
23:06:35.428 [main] TRACE - Resolving type for handle ctdefinednamesce48type
23:06:35.438 [main] TRACE - Resolving type for handle ctdefinedname9413type
23:06:35.443 [main] TRACE - Resolving type for handle stxstringf179type
23:06:35.457 [main] TRACE - Resolving type for handle stsheetstate158btype
23:06:35.493 [main] TRACE - Resolving type for handle stcelltypebf95type
23:06:35.506 [main] TRACE - Resolving type for handle ctdrawing44fdtype
23:06:35.512 [main] TRACE - Resolving type for handle cttwocellanchor1e8dtype
23:06:35.515 [main] TRACE - Resolving type for handle ctmarkeree8etype
23:06:35.520 [main] TRACE - Resolving type for handle strowidf4cftype
23:06:35.536 [main] TRACE - Resolving type for handle ctmergecells1242type
23:06:35.539 [main] TRACE - Resolving type for handle ctmergecelle8d9type
23:06:35.543 [main] TRACE - Resolving type for handle stref90a2type
23:06:35.580 [main] TRACE - Resolving type for handle stnumfmtid76fbtype
23:06:35.582 [main] TRACE - Resolving type for handle stfontid9d63type
23:06:35.584 [main] TRACE - Resolving type for handle stfillida097type
23:06:35.586 [main] TRACE - Resolving type for handle stborderid1a80type
23:06:35.589 [main] TRACE - Resolving type for handle stcellstylexfid70c7type
23:06:35.592 [main] TRACE - Resolving type for handle ctcellalignmentb580type
23:06:35.597 [main] TRACE - Resolving type for handle stverticalalignmentd35ctype
23:06:35.601 [main] TRACE - Resolving type for handle ctborderpre497type
23:06:35.604 [main] TRACE - Resolving type for handle stborderstylec774type
23:06:35.607 [main] TRACE - Resolving type for handle ctcolord2c2type
